
> pointer-quest-web@0.1.0 build
> react-scripts build

Creating an optimized production build...
Compiled with warnings.

Failed to parse source map from 'C:\Users\Gonzalo\Documents\4to curso\herramientas\pointer-game-cpp\pointer-quest-web\node_modules\@mediapipe\tasks-vision\vision_bundle_mjs.js.map' file: Error: ENOENT: no such file or directory, open 'C:\Users\Gonzalo\Documents\4to curso\herramientas\pointer-game-cpp\pointer-quest-web\node_modules\@mediapipe\tasks-vision\vision_bundle_mjs.js.map'

Search for the keywords to learn more about each warning.
To ignore, add // eslint-disable-next-line to the line before.

File sizes after gzip:

  279.78 kB  build\static\js\117.ea61f7f4.chunk.js
  89.15 kB   build\static\js\main.995d031a.js
  5.21 kB    build\static\js\357.d8539882.chunk.js
  2.96 kB    build\static\js\511.f0e34b61.chunk.js
  1.77 kB    build\static\js\453.dc8d9a78.chunk.js
  1.66 kB    build\static\js\830.7f455bbe.chunk.js

The project was built assuming it is hosted at /.
You can control this with the homepage field in your package.json.

The build folder is ready to be deployed.
You may serve it with a static server:

  npm install -g serve
  serve -s build

Find out more about deployment here:

  https://cra.link/deployment

